# JRE version: OpenJDK Runtime Environment (8.0_242-b01) (build 1.8.0_242-release-1644-b01)
# Java VM: OpenJDK 64-Bit Server VM (25.242-b01 mixed mode windows-amd64 compressed oops)
Heap:
 PSYoungGen      total 270848K, used 207127K [0x00000000d5580000, 0x00000000e9c80000, 0x0000000100000000)
  eden space 244736K, 73% used [0x00000000d5580000,0x00000000e064d690,0x00000000e4480000)
  from space 26112K, 99% used [0x00000000e8300000,0x00000000e9c785d0,0x00000000e9c80000)
  to   space 21504K, 0% used [0x00000000e4480000,0x00000000e4480000,0x00000000e5980000)
 ParOldGen       total 231936K, used 49998K [0x0000000080000000, 0x000000008e280000, 0x00000000d5580000)
  object space 231936K, 21% used [0x0000000080000000,0x00000000830d3b50,0x000000008e280000)
 Metaspace       used 85475K, capacity 91702K, committed 91816K, reserved 1128448K
  class space    used 12033K, capacity 13209K, committed 13232K, reserved 1048576K
GC Heap History (10 events):
Event: 4.021 GC heap before
{Heap before GC invocations=9 (full 2):
 PSYoungGen      total 192512K, used 177664K [0x00000000d5580000, 0x00000000e2480000, 0x0000000100000000)
  eden space 177664K, 100% used [0x00000000d5580000,0x00000000e0300000,0x00000000e0300000)
  from space 14848K, 0% used [0x00000000e1080000,0x00000000e1080000,0x00000000e1f00000)
  to   space 13824K, 0% used [0x00000000e0300000,0x00000000e0300000,0x00000000e1080000)
 ParOldGen       total 150528K, used 14970K [0x0000000080000000, 0x0000000089300000, 0x00000000d5580000)
  object space 150528K, 9% used [0x0000000080000000,0x0000000080e9ea80,0x0000000089300000)
 Metaspace       used 44335K, capacity 46188K, committed 46376K, reserved 1089536K
  class space    used 6030K, capacity 6402K, committed 6448K, reserved 1048576K
Event: 4.030 GC heap after
Heap after GC invocations=9 (full 2):
 PSYoungGen      total 191488K, used 13765K [0x00000000d5580000, 0x00000000e6900000, 0x0000000100000000)
  eden space 177664K, 0% used [0x00000000d5580000,0x00000000d5580000,0x00000000e0300000)
  from space 13824K, 99% used [0x00000000e0300000,0x00000000e10717a8,0x00000000e1080000)
  to   space 15872K, 0% used [0x00000000e5980000,0x00000000e5980000,0x00000000e6900000)
 ParOldGen       total 150528K, used 14978K [0x0000000080000000, 0x0000000089300000, 0x00000000d5580000)
  object space 150528K, 9% used [0x0000000080000000,0x0000000080ea0a80,0x0000000089300000)
 Metaspace       used 44335K, capacity 46188K, committed 46376K, reserved 1089536K
  class space    used 6030K, capacity 6402K, committed 6448K, reserved 1048576K
}
Event: 5.435 GC heap before
{Heap before GC invocations=10 (full 2):
 PSYoungGen      total 191488K, used 169922K [0x00000000d5580000, 0x00000000e6900000, 0x0000000100000000)
  eden space 177664K, 87% used [0x00000000d5580000,0x00000000dedff348,0x00000000e0300000)
  from space 13824K, 99% used [0x00000000e0300000,0x00000000e10717a8,0x00000000e1080000)
  to   space 15872K, 0% used [0x00000000e5980000,0x00000000e5980000,0x00000000e6900000)
 ParOldGen       total 150528K, used 14978K [0x0000000080000000, 0x0000000089300000, 0x00000000d5580000)
  object space 150528K, 9% used [0x0000000080000000,0x0000000080ea0a80,0x0000000089300000)
 Metaspace       used 56629K, capacity 59022K, committed 59160K, reserved 1099776K
  class space    used 7769K, capacity 8286K, committed 8368K, reserved 1048576K
Event: 5.453 GC heap after
Heap after GC invocations=10 (full 2):
 PSYoungGen      total 260608K, used 15852K [0x00000000d5580000, 0x00000000e7280000, 0x0000000100000000)
  eden space 244736K, 0% used [0x00000000d5580000,0x00000000d5580000,0x00000000e4480000)
  from space 15872K, 99% used [0x00000000e5980000,0x00000000e68fb310,0x00000000e6900000)
  to   space 21504K, 0% used [0x00000000e4480000,0x00000000e4480000,0x00000000e5980000)
 ParOldGen       total 150528K, used 23979K [0x0000000080000000, 0x0000000089300000, 0x00000000d5580000)
  object space 150528K, 15% used [0x0000000080000000,0x000000008176ac80,0x0000000089300000)
 Metaspace       used 56629K, capacity 59022K, committed 59160K, reserved 1099776K
  class space    used 7769K, capacity 8286K, committed 8368K, reserved 1048576K
}
Event: 5.453 GC heap before
{Heap before GC invocations=11 (full 3):
 PSYoungGen      total 260608K, used 15852K [0x00000000d5580000, 0x00000000e7280000, 0x0000000100000000)
  eden space 244736K, 0% used [0x00000000d5580000,0x00000000d5580000,0x00000000e4480000)
  from space 15872K, 99% used [0x00000000e5980000,0x00000000e68fb310,0x00000000e6900000)
  to   space 21504K, 0% used [0x00000000e4480000,0x00000000e4480000,0x00000000e5980000)
 ParOldGen       total 150528K, used 23979K [0x0000000080000000, 0x0000000089300000, 0x00000000d5580000)
  object space 150528K, 15% used [0x0000000080000000,0x000000008176ac80,0x0000000089300000)
 Metaspace       used 56629K, capacity 59022K, committed 59160K, reserved 1099776K
  class space    used 7769K, capacity 8286K, committed 8368K, reserved 1048576K
Event: 5.610 GC heap after
Heap after GC invocations=11 (full 3):
 PSYoungGen      total 260608K, used 0K [0x00000000d5580000, 0x00000000e7280000, 0x0000000100000000)
  eden space 244736K, 0% used [0x00000000d5580000,0x00000000d5580000,0x00000000e4480000)
  from space 15872K, 0% used [0x00000000e5980000,0x00000000e5980000,0x00000000e6900000)
  to   space 21504K, 0% used [0x00000000e4480000,0x00000000e4480000,0x00000000e5980000)
 ParOldGen       total 231936K, used 36730K [0x0000000080000000, 0x000000008e280000, 0x00000000d5580000)
  object space 231936K, 15% used [0x0000000080000000,0x00000000823de890,0x000000008e280000)
 Metaspace       used 56579K, capacity 58854K, committed 59160K, reserved 1099776K
  class space    used 7754K, capacity 8258K, committed 8368K, reserved 1048576K
}
Event: 8.173 GC heap before
{Heap before GC invocations=12 (full 3):
 PSYoungGen      total 260608K, used 244736K [0x00000000d5580000, 0x00000000e7280000, 0x0000000100000000)
  eden space 244736K, 100% used [0x00000000d5580000,0x00000000e4480000,0x00000000e4480000)
  from space 15872K, 0% used [0x00000000e5980000,0x00000000e5980000,0x00000000e6900000)
  to   space 21504K, 0% used [0x00000000e4480000,0x00000000e4480000,0x00000000e5980000)
 ParOldGen       total 231936K, used 36730K [0x0000000080000000, 0x000000008e280000, 0x00000000d5580000)
  object space 231936K, 15% used [0x0000000080000000,0x00000000823de890,0x000000008e280000)
 Metaspace       used 67679K, capacity 71006K, committed 71208K, reserved 1110016K
  class space    used 9309K, capacity 9938K, committed 10032K, reserved 1048576K
Event: 8.188 GC heap after
Heap after GC invocations=12 (full 3):
 PSYoungGen      total 266240K, used 21500K [0x00000000d5580000, 0x00000000e9c80000, 0x0000000100000000)
  eden space 244736K, 0% used [0x00000000d5580000,0x00000000d5580000,0x00000000e4480000)
  from space 21504K, 99% used [0x00000000e4480000,0x00000000e597f200,0x00000000e5980000)
  to   space 26112K, 0% used [0x00000000e8300000,0x00000000e8300000,0x00000000e9c80000)
 ParOldGen       total 231936K, used 40632K [0x0000000080000000, 0x000000008e280000, 0x00000000d5580000)
  object space 231936K, 17% used [0x0000000080000000,0x00000000827ae178,0x000000008e280000)
 Metaspace       used 67679K, capacity 71006K, committed 71208K, reserved 1110016K
  class space    used 9309K, capacity 9938K, committed 10032K, reserved 1048576K
}
Event: 9.378 GC heap before
{Heap before GC invocations=13 (full 3):
 PSYoungGen      total 266240K, used 266236K [0x00000000d5580000, 0x00000000e9c80000, 0x0000000100000000)
  eden space 244736K, 100% used [0x00000000d5580000,0x00000000e4480000,0x00000000e4480000)
  from space 21504K, 99% used [0x00000000e4480000,0x00000000e597f200,0x00000000e5980000)
  to   space 26112K, 0% used [0x00000000e8300000,0x00000000e8300000,0x00000000e9c80000)
 ParOldGen       total 231936K, used 40632K [0x0000000080000000, 0x000000008e280000, 0x00000000d5580000)
  object space 231936K, 17% used [0x0000000080000000,0x00000000827ae178,0x000000008e280000)
 Metaspace       used 74717K, capacity 78358K, committed 78504K, reserved 1116160K
  class space    used 10179K, capacity 10869K, committed 10928K, reserved 1048576K
Event: 9.412 GC heap after
Heap after GC invocations=13 (full 3):
 PSYoungGen      total 270848K, used 26081K [0x00000000d5580000, 0x00000000e9c80000, 0x0000000100000000)
  eden space 244736K, 0% used [0x00000000d5580000,0x00000000d5580000,0x00000000e4480000)
  from space 26112K, 99% used [0x00000000e8300000,0x00000000e9c785d0,0x00000000e9c80000)
  to   space 21504K, 0% used [0x00000000e4480000,0x00000000e4480000,0x00000000e5980000)
 ParOldGen       total 231936K, used 49998K [0x0000000080000000, 0x000000008e280000, 0x00000000d5580000)
  object space 231936K, 21% used [0x0000000080000000,0x00000000830d3b50,0x000000008e280000)
 Metaspace       used 74717K, capacity 78358K, committed 78504K, reserved 1116160K
  class space    used 10179K, capacity 10869K, committed 10928K, reserved 1048576K
}

