# JRE version: OpenJDK Runtime Environment (8.0_242-b01) (build 1.8.0_242-release-1644-b01)
# Java VM: OpenJDK 64-Bit Server VM (25.242-b01 mixed mode windows-amd64 compressed oops)
Heap:
 PSYoungGen      total 216064K, used 142990K [0x00000000d5580000, 0x00000000e5f00000, 0x0000000100000000)
  eden space 180736K, 75% used [0x00000000d5580000,0x00000000ddb0ecb0,0x00000000e0600000)
  from space 35328K, 17% used [0x00000000e0600000,0x00000000e0c14cc0,0x00000000e2880000)
  to   space 35328K, 0% used [0x00000000e3c80000,0x00000000e3c80000,0x00000000e5f00000)
 ParOldGen       total 343552K, used 66230K [0x0000000080000000, 0x0000000094f80000, 0x00000000d5580000)
  object space 343552K, 19% used [0x0000000080000000,0x00000000840ada08,0x0000000094f80000)
 Metaspace       used 94132K, capacity 99314K, committed 99992K, reserved 1136640K
  class space    used 12362K, capacity 13331K, committed 13488K, reserved 1048576K
GC Heap History (10 events):
Event: 206.720 GC heap before
{Heap before GC invocations=19 (full 3):
 PSYoungGen      total 228352K, used 201125K [0x00000000d5580000, 0x00000000e6d00000, 0x0000000100000000)
  eden space 190464K, 100% used [0x00000000d5580000,0x00000000e0f80000,0x00000000e0f80000)
  from space 37888K, 28% used [0x00000000e0f80000,0x00000000e19e9770,0x00000000e3480000)
  to   space 36864K, 0% used [0x00000000e4900000,0x00000000e4900000,0x00000000e6d00000)
 ParOldGen       total 228864K, used 67337K [0x0000000080000000, 0x000000008df80000, 0x00000000d5580000)
  object space 228864K, 29% used [0x0000000080000000,0x00000000841c2418,0x000000008df80000)
 Metaspace       used 90373K, capacity 95730K, committed 95896K, reserved 1132544K
  class space    used 12183K, capacity 13147K, committed 13232K, reserved 1048576K
Event: 206.735 GC heap after
Heap after GC invocations=19 (full 3):
 PSYoungGen      total 198144K, used 11845K [0x00000000d5580000, 0x00000000e5500000, 0x0000000100000000)
  eden space 185856K, 0% used [0x00000000d5580000,0x00000000d5580000,0x00000000e0b00000)
  from space 12288K, 96% used [0x00000000e4900000,0x00000000e5491788,0x00000000e5500000)
  to   space 35328K, 0% used [0x00000000e1000000,0x00000000e1000000,0x00000000e3280000)
 ParOldGen       total 228864K, used 67345K [0x0000000080000000, 0x000000008df80000, 0x00000000d5580000)
  object space 228864K, 29% used [0x0000000080000000,0x00000000841c4418,0x000000008df80000)
 Metaspace       used 90373K, capacity 95730K, committed 95896K, reserved 1132544K
  class space    used 12183K, capacity 13147K, committed 13232K, reserved 1048576K
}
Event: 208.906 GC heap before
{Heap before GC invocations=20 (full 3):
 PSYoungGen      total 198144K, used 197595K [0x00000000d5580000, 0x00000000e5500000, 0x0000000100000000)
  eden space 185856K, 99% used [0x00000000d5580000,0x00000000e0ae5860,0x00000000e0b00000)
  from space 12288K, 96% used [0x00000000e4900000,0x00000000e5491788,0x00000000e5500000)
  to   space 35328K, 0% used [0x00000000e1000000,0x00000000e1000000,0x00000000e3280000)
 ParOldGen       total 228864K, used 67345K [0x0000000080000000, 0x000000008df80000, 0x00000000d5580000)
  object space 228864K, 29% used [0x0000000080000000,0x00000000841c4418,0x000000008df80000)
 Metaspace       used 92089K, capacity 97542K, committed 97816K, reserved 1134592K
  class space    used 12369K, capacity 13353K, committed 13360K, reserved 1048576K
Event: 208.915 GC heap after
Heap after GC invocations=20 (full 3):
 PSYoungGen      total 195584K, used 13314K [0x00000000d5580000, 0x00000000e4980000, 0x0000000100000000)
  eden space 181760K, 0% used [0x00000000d5580000,0x00000000d5580000,0x00000000e0700000)
  from space 13824K, 96% used [0x00000000e1000000,0x00000000e1d00af8,0x00000000e1d80000)
  to   space 33792K, 0% used [0x00000000e2880000,0x00000000e2880000,0x00000000e4980000)
 ParOldGen       total 228864K, used 67353K [0x0000000080000000, 0x000000008df80000, 0x00000000d5580000)
  object space 228864K, 29% used [0x0000000080000000,0x00000000841c6418,0x000000008df80000)
 Metaspace       used 92089K, capacity 97542K, committed 97816K, reserved 1134592K
  class space    used 12369K, capacity 13353K, committed 13360K, reserved 1048576K
}
Event: 209.515 GC heap before
{Heap before GC invocations=21 (full 3):
 PSYoungGen      total 195584K, used 119802K [0x00000000d5580000, 0x00000000e4980000, 0x0000000100000000)
  eden space 181760K, 58% used [0x00000000d5580000,0x00000000dbd7de38,0x00000000e0700000)
  from space 13824K, 96% used [0x00000000e1000000,0x00000000e1d00af8,0x00000000e1d80000)
  to   space 33792K, 0% used [0x00000000e2880000,0x00000000e2880000,0x00000000e4980000)
 ParOldGen       total 228864K, used 67353K [0x0000000080000000, 0x000000008df80000, 0x00000000d5580000)
  object space 228864K, 29% used [0x0000000080000000,0x00000000841c6418,0x000000008df80000)
 Metaspace       used 92887K, capacity 98476K, committed 98600K, reserved 1134592K
  class space    used 12399K, capacity 13404K, committed 13488K, reserved 1048576K
Event: 209.535 GC heap after
Heap after GC invocations=21 (full 3):
 PSYoungGen      total 214528K, used 24743K [0x00000000d5580000, 0x00000000e6000000, 0x0000000100000000)
  eden space 180736K, 0% used [0x00000000d5580000,0x00000000d5580000,0x00000000e0600000)
  from space 33792K, 73% used [0x00000000e2880000,0x00000000e40a9e78,0x00000000e4980000)
  to   space 35328K, 0% used [0x00000000e0600000,0x00000000e0600000,0x00000000e2880000)
 ParOldGen       total 228864K, used 67361K [0x0000000080000000, 0x000000008df80000, 0x00000000d5580000)
  object space 228864K, 29% used [0x0000000080000000,0x00000000841c8418,0x000000008df80000)
 Metaspace       used 92887K, capacity 98476K, committed 98600K, reserved 1134592K
  class space    used 12399K, capacity 13404K, committed 13488K, reserved 1048576K
}
Event: 209.535 GC heap before
{Heap before GC invocations=22 (full 4):
 PSYoungGen      total 214528K, used 24743K [0x00000000d5580000, 0x00000000e6000000, 0x0000000100000000)
  eden space 180736K, 0% used [0x00000000d5580000,0x00000000d5580000,0x00000000e0600000)
  from space 33792K, 73% used [0x00000000e2880000,0x00000000e40a9e78,0x00000000e4980000)
  to   space 35328K, 0% used [0x00000000e0600000,0x00000000e0600000,0x00000000e2880000)
 ParOldGen       total 228864K, used 67361K [0x0000000080000000, 0x000000008df80000, 0x00000000d5580000)
  object space 228864K, 29% used [0x0000000080000000,0x00000000841c8418,0x000000008df80000)
 Metaspace       used 92887K, capacity 98476K, committed 98600K, reserved 1134592K
  class space    used 12399K, capacity 13404K, committed 13488K, reserved 1048576K
Event: 209.688 GC heap after
Heap after GC invocations=22 (full 4):
 PSYoungGen      total 214528K, used 0K [0x00000000d5580000, 0x00000000e6000000, 0x0000000100000000)
  eden space 180736K, 0% used [0x00000000d5580000,0x00000000d5580000,0x00000000e0600000)
  from space 33792K, 0% used [0x00000000e2880000,0x00000000e2880000,0x00000000e4980000)
  to   space 35328K, 0% used [0x00000000e0600000,0x00000000e0600000,0x00000000e2880000)
 ParOldGen       total 343552K, used 66222K [0x0000000080000000, 0x0000000094f80000, 0x00000000d5580000)
  object space 343552K, 19% used [0x0000000080000000,0x00000000840aba08,0x0000000094f80000)
 Metaspace       used 92444K, capacity 97220K, committed 98600K, reserved 1134592K
  class space    used 12254K, capacity 13148K, committed 13488K, reserved 1048576K
}
Event: 815.033 GC heap before
{Heap before GC invocations=23 (full 4):
 PSYoungGen      total 214528K, used 180736K [0x00000000d5580000, 0x00000000e6000000, 0x0000000100000000)
  eden space 180736K, 100% used [0x00000000d5580000,0x00000000e0600000,0x00000000e0600000)
  from space 33792K, 0% used [0x00000000e2880000,0x00000000e2880000,0x00000000e4980000)
  to   space 35328K, 0% used [0x00000000e0600000,0x00000000e0600000,0x00000000e2880000)
 ParOldGen       total 343552K, used 66222K [0x0000000080000000, 0x0000000094f80000, 0x00000000d5580000)
  object space 343552K, 19% used [0x0000000080000000,0x00000000840aba08,0x0000000094f80000)
 Metaspace       used 93587K, capacity 98624K, committed 99480K, reserved 1134592K
  class space    used 12327K, capacity 13266K, committed 13488K, reserved 1048576K
Event: 815.039 GC heap after
Heap after GC invocations=23 (full 4):
 PSYoungGen      total 216064K, used 6227K [0x00000000d5580000, 0x00000000e5f00000, 0x0000000100000000)
  eden space 180736K, 0% used [0x00000000d5580000,0x00000000d5580000,0x00000000e0600000)
  from space 35328K, 17% used [0x00000000e0600000,0x00000000e0c14cc0,0x00000000e2880000)
  to   space 35328K, 0% used [0x00000000e3c80000,0x00000000e3c80000,0x00000000e5f00000)
 ParOldGen       total 343552K, used 66230K [0x0000000080000000, 0x0000000094f80000, 0x00000000d5580000)
  object space 343552K, 19% used [0x0000000080000000,0x00000000840ada08,0x0000000094f80000)
 Metaspace       used 93587K, capacity 98624K, committed 99480K, reserved 1134592K
  class space    used 12327K, capacity 13266K, committed 13488K, reserved 1048576K
}

