# JRE version: OpenJDK Runtime Environment (8.0_242-b01) (build 1.8.0_242-release-1644-b01)
# Java VM: OpenJDK 64-Bit Server VM (25.242-b01 mixed mode windows-amd64 compressed oops)
Heap:
 PSYoungGen      total 308736K, used 225029K [0x00000000d5580000, 0x00000000ec900000, 0x0000000100000000)
  eden space 277504K, 71% used [0x00000000d5580000,0x00000000e17a40a0,0x00000000e6480000)
  from space 31232K, 83% used [0x00000000e6480000,0x00000000e7e1d3b0,0x00000000e8300000)
  to   space 33792K, 0% used [0x00000000ea800000,0x00000000ea800000,0x00000000ec900000)
 ParOldGen       total 230400K, used 47565K [0x0000000080000000, 0x000000008e100000, 0x00000000d5580000)
  object space 230400K, 20% used [0x0000000080000000,0x0000000082e73738,0x000000008e100000)
 Metaspace       used 88103K, capacity 94852K, committed 95128K, reserved 1130496K
  class space    used 12097K, capacity 13393K, committed 13488K, reserved 1048576K
GC Heap History (10 events):
Event: 5.194 GC heap before
{Heap before GC invocations=10 (full 2):
 PSYoungGen      total 192000K, used 165153K [0x00000000d5580000, 0x00000000e6a80000, 0x0000000100000000)
  eden space 178176K, 84% used [0x00000000d5580000,0x00000000de94aef0,0x00000000e0380000)
  from space 13824K, 99% used [0x00000000e0380000,0x00000000e10fd5d0,0x00000000e1100000)
  to   space 15872K, 0% used [0x00000000e5b00000,0x00000000e5b00000,0x00000000e6a80000)
 ParOldGen       total 148992K, used 15102K [0x0000000080000000, 0x0000000089180000, 0x00000000d5580000)
  object space 148992K, 10% used [0x0000000080000000,0x0000000080ebfa08,0x0000000089180000)
 Metaspace       used 56711K, capacity 59082K, committed 59160K, reserved 1099776K
  class space    used 7765K, capacity 8220K, committed 8240K, reserved 1048576K
Event: 5.210 GC heap after
Heap after GC invocations=10 (full 2):
 PSYoungGen      total 262144K, used 15844K [0x00000000d5580000, 0x00000000e7480000, 0x0000000100000000)
  eden space 246272K, 0% used [0x00000000d5580000,0x00000000d5580000,0x00000000e4600000)
  from space 15872K, 99% used [0x00000000e5b00000,0x00000000e6a792f0,0x00000000e6a80000)
  to   space 21504K, 0% used [0x00000000e4600000,0x00000000e4600000,0x00000000e5b00000)
 ParOldGen       total 148992K, used 24067K [0x0000000080000000, 0x0000000089180000, 0x00000000d5580000)
  object space 148992K, 16% used [0x0000000080000000,0x0000000081780e18,0x0000000089180000)
 Metaspace       used 56711K, capacity 59082K, committed 59160K, reserved 1099776K
  class space    used 7765K, capacity 8220K, committed 8240K, reserved 1048576K
}
Event: 5.210 GC heap before
{Heap before GC invocations=11 (full 3):
 PSYoungGen      total 262144K, used 15844K [0x00000000d5580000, 0x00000000e7480000, 0x0000000100000000)
  eden space 246272K, 0% used [0x00000000d5580000,0x00000000d5580000,0x00000000e4600000)
  from space 15872K, 99% used [0x00000000e5b00000,0x00000000e6a792f0,0x00000000e6a80000)
  to   space 21504K, 0% used [0x00000000e4600000,0x00000000e4600000,0x00000000e5b00000)
 ParOldGen       total 148992K, used 24067K [0x0000000080000000, 0x0000000089180000, 0x00000000d5580000)
  object space 148992K, 16% used [0x0000000080000000,0x0000000081780e18,0x0000000089180000)
 Metaspace       used 56711K, capacity 59082K, committed 59160K, reserved 1099776K
  class space    used 7765K, capacity 8220K, committed 8240K, reserved 1048576K
Event: 5.368 GC heap after
Heap after GC invocations=11 (full 3):
 PSYoungGen      total 262144K, used 0K [0x00000000d5580000, 0x00000000e7480000, 0x0000000100000000)
  eden space 246272K, 0% used [0x00000000d5580000,0x00000000d5580000,0x00000000e4600000)
  from space 15872K, 0% used [0x00000000e5b00000,0x00000000e5b00000,0x00000000e6a80000)
  to   space 21504K, 0% used [0x00000000e4600000,0x00000000e4600000,0x00000000e5b00000)
 ParOldGen       total 230400K, used 36689K [0x0000000080000000, 0x000000008e100000, 0x00000000d5580000)
  object space 230400K, 15% used [0x0000000080000000,0x00000000823d4530,0x000000008e100000)
 Metaspace       used 56662K, capacity 58914K, committed 59160K, reserved 1099776K
  class space    used 7750K, capacity 8192K, committed 8240K, reserved 1048576K
}
Event: 7.107 GC heap before
{Heap before GC invocations=12 (full 3):
 PSYoungGen      total 262144K, used 246272K [0x00000000d5580000, 0x00000000e7480000, 0x0000000100000000)
  eden space 246272K, 100% used [0x00000000d5580000,0x00000000e4600000,0x00000000e4600000)
  from space 15872K, 0% used [0x00000000e5b00000,0x00000000e5b00000,0x00000000e6a80000)
  to   space 21504K, 0% used [0x00000000e4600000,0x00000000e4600000,0x00000000e5b00000)
 ParOldGen       total 230400K, used 36689K [0x0000000080000000, 0x000000008e100000, 0x00000000d5580000)
  object space 230400K, 15% used [0x0000000080000000,0x00000000823d4530,0x000000008e100000)
 Metaspace       used 65366K, capacity 69094K, committed 69144K, reserved 1107968K
  class space    used 9084K, capacity 9758K, committed 9776K, reserved 1048576K
Event: 7.122 GC heap after
Heap after GC invocations=12 (full 3):
 PSYoungGen      total 267776K, used 21087K [0x00000000d5580000, 0x00000000e9a80000, 0x0000000100000000)
  eden space 246272K, 0% used [0x00000000d5580000,0x00000000d5580000,0x00000000e4600000)
  from space 21504K, 98% used [0x00000000e4600000,0x00000000e5a97e58,0x00000000e5b00000)
  to   space 24064K, 0% used [0x00000000e8300000,0x00000000e8300000,0x00000000e9a80000)
 ParOldGen       total 230400K, used 36697K [0x0000000080000000, 0x000000008e100000, 0x00000000d5580000)
  object space 230400K, 15% used [0x0000000080000000,0x00000000823d6530,0x000000008e100000)
 Metaspace       used 65366K, capacity 69094K, committed 69144K, reserved 1107968K
  class space    used 9084K, capacity 9758K, committed 9776K, reserved 1048576K
}
Event: 8.924 GC heap before
{Heap before GC invocations=13 (full 3):
 PSYoungGen      total 267776K, used 267359K [0x00000000d5580000, 0x00000000e9a80000, 0x0000000100000000)
  eden space 246272K, 100% used [0x00000000d5580000,0x00000000e4600000,0x00000000e4600000)
  from space 21504K, 98% used [0x00000000e4600000,0x00000000e5a97e58,0x00000000e5b00000)
  to   space 24064K, 0% used [0x00000000e8300000,0x00000000e8300000,0x00000000e9a80000)
 ParOldGen       total 230400K, used 36697K [0x0000000080000000, 0x000000008e100000, 0x00000000d5580000)
  object space 230400K, 15% used [0x0000000080000000,0x00000000823d6530,0x000000008e100000)
 Metaspace       used 80910K, capacity 87102K, committed 87192K, reserved 1124352K
  class space    used 11508K, capacity 12718K, committed 12720K, reserved 1048576K
Event: 8.947 GC heap after
Heap after GC invocations=13 (full 3):
 PSYoungGen      total 301568K, used 24056K [0x00000000d5580000, 0x00000000ea900000, 0x0000000100000000)
  eden space 277504K, 0% used [0x00000000d5580000,0x00000000d5580000,0x00000000e6480000)
  from space 24064K, 99% used [0x00000000e8300000,0x00000000e9a7e110,0x00000000e9a80000)
  to   space 31232K, 0% used [0x00000000e6480000,0x00000000e6480000,0x00000000e8300000)
 ParOldGen       total 230400K, used 47557K [0x0000000080000000, 0x000000008e100000, 0x00000000d5580000)
  object space 230400K, 20% used [0x0000000080000000,0x0000000082e71738,0x000000008e100000)
 Metaspace       used 80910K, capacity 87102K, committed 87192K, reserved 1124352K
  class space    used 11508K, capacity 12718K, committed 12720K, reserved 1048576K
}
Event: 156.245 GC heap before
{Heap before GC invocations=14 (full 3):
 PSYoungGen      total 301568K, used 301560K [0x00000000d5580000, 0x00000000ea900000, 0x0000000100000000)
  eden space 277504K, 100% used [0x00000000d5580000,0x00000000e6480000,0x00000000e6480000)
  from space 24064K, 99% used [0x00000000e8300000,0x00000000e9a7e110,0x00000000e9a80000)
  to   space 31232K, 0% used [0x00000000e6480000,0x00000000e6480000,0x00000000e8300000)
 ParOldGen       total 230400K, used 47557K [0x0000000080000000, 0x000000008e100000, 0x00000000d5580000)
  object space 230400K, 20% used [0x0000000080000000,0x0000000082e71738,0x000000008e100000)
 Metaspace       used 86344K, capacity 92790K, committed 93080K, reserved 1128448K
  class space    used 11920K, capacity 13184K, committed 13232K, reserved 1048576K
Event: 156.261 GC heap after
Heap after GC invocations=14 (full 3):
 PSYoungGen      total 308736K, used 26228K [0x00000000d5580000, 0x00000000ec900000, 0x0000000100000000)
  eden space 277504K, 0% used [0x00000000d5580000,0x00000000d5580000,0x00000000e6480000)
  from space 31232K, 83% used [0x00000000e6480000,0x00000000e7e1d3b0,0x00000000e8300000)
  to   space 33792K, 0% used [0x00000000ea800000,0x00000000ea800000,0x00000000ec900000)
 ParOldGen       total 230400K, used 47565K [0x0000000080000000, 0x000000008e100000, 0x00000000d5580000)
  object space 230400K, 20% used [0x0000000080000000,0x0000000082e73738,0x000000008e100000)
 Metaspace       used 86344K, capacity 92790K, committed 93080K, reserved 1128448K
  class space    used 11920K, capacity 13184K, committed 13232K, reserved 1048576K
}

