# JRE version: OpenJDK Runtime Environment (8.0_242-b01) (build 1.8.0_242-release-1644-b01)
# Java VM: OpenJDK 64-Bit Server VM (25.242-b01 mixed mode windows-amd64 compressed oops)
Heap:
 PSYoungGen      total 318464K, used 99294K [0x00000000d5580000, 0x00000000ed180000, 0x0000000100000000)
  eden space 282624K, 26% used [0x00000000d5580000,0x00000000d9e62c18,0x00000000e6980000)
  from space 35840K, 68% used [0x00000000e6980000,0x00000000e8194f60,0x00000000e8c80000)
  to   space 36864K, 0% used [0x00000000ead80000,0x00000000ead80000,0x00000000ed180000)
 ParOldGen       total 226816K, used 81978K [0x0000000080000000, 0x000000008dd80000, 0x00000000d5580000)
  object space 226816K, 36% used [0x0000000080000000,0x000000008500ea58,0x000000008dd80000)
 Metaspace       used 81370K, capacity 85408K, committed 85528K, reserved 1124352K
  class space    used 10734K, capacity 11484K, committed 11568K, reserved 1048576K
GC Heap History (10 events):
Event: 5.570 GC heap before
{Heap before GC invocations=10 (full 2):
 PSYoungGen      total 194560K, used 165477K [0x00000000d5580000, 0x00000000e6e80000, 0x0000000100000000)
  eden space 180736K, 83% used [0x00000000d5580000,0x00000000de9a14b8,0x00000000e0600000)
  from space 13824K, 99% used [0x00000000e0600000,0x00000000e1378338,0x00000000e1380000)
  to   space 15872K, 0% used [0x00000000e5f00000,0x00000000e5f00000,0x00000000e6e80000)
 ParOldGen       total 147456K, used 15363K [0x0000000080000000, 0x0000000089000000, 0x00000000d5580000)
  object space 147456K, 10% used [0x0000000080000000,0x0000000080f00ef0,0x0000000089000000)
 Metaspace       used 56689K, capacity 59046K, committed 59160K, reserved 1099776K
  class space    used 7764K, capacity 8216K, committed 8240K, reserved 1048576K
Event: 5.587 GC heap after
Heap after GC invocations=10 (full 2):
 PSYoungGen      total 266240K, used 15868K [0x00000000d5580000, 0x00000000e7780000, 0x0000000100000000)
  eden space 250368K, 0% used [0x00000000d5580000,0x00000000d5580000,0x00000000e4a00000)
  from space 15872K, 99% used [0x00000000e5f00000,0x00000000e6e7f320,0x00000000e6e80000)
  to   space 21504K, 0% used [0x00000000e4a00000,0x00000000e4a00000,0x00000000e5f00000)
 ParOldGen       total 147456K, used 24256K [0x0000000080000000, 0x0000000089000000, 0x00000000d5580000)
  object space 147456K, 16% used [0x0000000080000000,0x00000000817b0318,0x0000000089000000)
 Metaspace       used 56689K, capacity 59046K, committed 59160K, reserved 1099776K
  class space    used 7764K, capacity 8216K, committed 8240K, reserved 1048576K
}
Event: 5.587 GC heap before
{Heap before GC invocations=11 (full 3):
 PSYoungGen      total 266240K, used 15868K [0x00000000d5580000, 0x00000000e7780000, 0x0000000100000000)
  eden space 250368K, 0% used [0x00000000d5580000,0x00000000d5580000,0x00000000e4a00000)
  from space 15872K, 99% used [0x00000000e5f00000,0x00000000e6e7f320,0x00000000e6e80000)
  to   space 21504K, 0% used [0x00000000e4a00000,0x00000000e4a00000,0x00000000e5f00000)
 ParOldGen       total 147456K, used 24256K [0x0000000080000000, 0x0000000089000000, 0x00000000d5580000)
  object space 147456K, 16% used [0x0000000080000000,0x00000000817b0318,0x0000000089000000)
 Metaspace       used 56689K, capacity 59046K, committed 59160K, reserved 1099776K
  class space    used 7764K, capacity 8216K, committed 8240K, reserved 1048576K
Event: 5.743 GC heap after
Heap after GC invocations=11 (full 3):
 PSYoungGen      total 266240K, used 0K [0x00000000d5580000, 0x00000000e7780000, 0x0000000100000000)
  eden space 250368K, 0% used [0x00000000d5580000,0x00000000d5580000,0x00000000e4a00000)
  from space 15872K, 0% used [0x00000000e5f00000,0x00000000e5f00000,0x00000000e6e80000)
  to   space 21504K, 0% used [0x00000000e4a00000,0x00000000e4a00000,0x00000000e5f00000)
 ParOldGen       total 226816K, used 36619K [0x0000000080000000, 0x000000008dd80000, 0x00000000d5580000)
  object space 226816K, 16% used [0x0000000080000000,0x00000000823c2f70,0x000000008dd80000)
 Metaspace       used 56646K, capacity 58902K, committed 59160K, reserved 1099776K
  class space    used 7751K, capacity 8192K, committed 8240K, reserved 1048576K
}
Event: 9.128 GC heap before
{Heap before GC invocations=12 (full 3):
 PSYoungGen      total 266240K, used 249541K [0x00000000d5580000, 0x00000000e7780000, 0x0000000100000000)
  eden space 250368K, 99% used [0x00000000d5580000,0x00000000e4931670,0x00000000e4a00000)
  from space 15872K, 0% used [0x00000000e5f00000,0x00000000e5f00000,0x00000000e6e80000)
  to   space 21504K, 0% used [0x00000000e4a00000,0x00000000e4a00000,0x00000000e5f00000)
 ParOldGen       total 226816K, used 36619K [0x0000000080000000, 0x000000008dd80000, 0x00000000d5580000)
  object space 226816K, 16% used [0x0000000080000000,0x00000000823c2f70,0x000000008dd80000)
 Metaspace       used 65273K, capacity 68726K, committed 68888K, reserved 1107968K
  class space    used 9021K, capacity 9674K, committed 9776K, reserved 1048576K
Event: 9.148 GC heap after
Heap after GC invocations=12 (full 3):
 PSYoungGen      total 271872K, used 21489K [0x00000000d5580000, 0x00000000ea800000, 0x0000000100000000)
  eden space 250368K, 0% used [0x00000000d5580000,0x00000000d5580000,0x00000000e4a00000)
  from space 21504K, 99% used [0x00000000e4a00000,0x00000000e5efc590,0x00000000e5f00000)
  to   space 28160K, 0% used [0x00000000e8c80000,0x00000000e8c80000,0x00000000ea800000)
 ParOldGen       total 226816K, used 46262K [0x0000000080000000, 0x000000008dd80000, 0x00000000d5580000)
  object space 226816K, 20% used [0x0000000080000000,0x0000000082d2d8e0,0x000000008dd80000)
 Metaspace       used 65273K, capacity 68726K, committed 68888K, reserved 1107968K
  class space    used 9021K, capacity 9674K, committed 9776K, reserved 1048576K
}
Event: 12.703 GC heap before
{Heap before GC invocations=13 (full 3):
 PSYoungGen      total 271872K, used 271857K [0x00000000d5580000, 0x00000000ea800000, 0x0000000100000000)
  eden space 250368K, 100% used [0x00000000d5580000,0x00000000e4a00000,0x00000000e4a00000)
  from space 21504K, 99% used [0x00000000e4a00000,0x00000000e5efc590,0x00000000e5f00000)
  to   space 28160K, 0% used [0x00000000e8c80000,0x00000000e8c80000,0x00000000ea800000)
 ParOldGen       total 226816K, used 46262K [0x0000000080000000, 0x000000008dd80000, 0x00000000d5580000)
  object space 226816K, 20% used [0x0000000080000000,0x0000000082d2d8e0,0x000000008dd80000)
 Metaspace       used 71538K, capacity 75254K, committed 75416K, reserved 1114112K
  class space    used 9742K, capacity 10412K, committed 10416K, reserved 1048576K
Event: 12.725 GC heap after
Heap after GC invocations=13 (full 3):
 PSYoungGen      total 310784K, used 28154K [0x00000000d5580000, 0x00000000eb380000, 0x0000000100000000)
  eden space 282624K, 0% used [0x00000000d5580000,0x00000000d5580000,0x00000000e6980000)
  from space 28160K, 99% used [0x00000000e8c80000,0x00000000ea7fe878,0x00000000ea800000)
  to   space 35840K, 0% used [0x00000000e6980000,0x00000000e6980000,0x00000000e8c80000)
 ParOldGen       total 226816K, used 55759K [0x0000000080000000, 0x000000008dd80000, 0x00000000d5580000)
  object space 226816K, 24% used [0x0000000080000000,0x0000000083673eb8,0x000000008dd80000)
 Metaspace       used 71538K, capacity 75254K, committed 75416K, reserved 1114112K
  class space    used 9742K, capacity 10412K, committed 10416K, reserved 1048576K
}
Event: 114.308 GC heap before
{Heap before GC invocations=14 (full 3):
 PSYoungGen      total 310784K, used 310778K [0x00000000d5580000, 0x00000000eb380000, 0x0000000100000000)
  eden space 282624K, 100% used [0x00000000d5580000,0x00000000e6980000,0x00000000e6980000)
  from space 28160K, 99% used [0x00000000e8c80000,0x00000000ea7fe878,0x00000000ea800000)
  to   space 35840K, 0% used [0x00000000e6980000,0x00000000e6980000,0x00000000e8c80000)
 ParOldGen       total 226816K, used 55759K [0x0000000080000000, 0x000000008dd80000, 0x00000000d5580000)
  object space 226816K, 24% used [0x0000000080000000,0x0000000083673eb8,0x000000008dd80000)
 Metaspace       used 80992K, capacity 85022K, committed 85144K, reserved 1122304K
  class space    used 10672K, capacity 11409K, committed 11440K, reserved 1048576K
Event: 114.348 GC heap after
Heap after GC invocations=14 (full 3):
 PSYoungGen      total 318464K, used 24659K [0x00000000d5580000, 0x00000000ed180000, 0x0000000100000000)
  eden space 282624K, 0% used [0x00000000d5580000,0x00000000d5580000,0x00000000e6980000)
  from space 35840K, 68% used [0x00000000e6980000,0x00000000e8194f60,0x00000000e8c80000)
  to   space 36864K, 0% used [0x00000000ead80000,0x00000000ead80000,0x00000000ed180000)
 ParOldGen       total 226816K, used 81978K [0x0000000080000000, 0x000000008dd80000, 0x00000000d5580000)
  object space 226816K, 36% used [0x0000000080000000,0x000000008500ea58,0x000000008dd80000)
 Metaspace       used 80992K, capacity 85022K, committed 85144K, reserved 1122304K
  class space    used 10672K, capacity 11409K, committed 11440K, reserved 1048576K
}

