# JRE version: OpenJDK Runtime Environment (8.0_242-b01) (build 1.8.0_242-release-1644-b01)
# Java VM: OpenJDK 64-Bit Server VM (25.242-b01 mixed mode windows-amd64 compressed oops)
Heap:
 PSYoungGen      total 299520K, used 292574K [0x00000000d5580000, 0x00000000eb480000, 0x0000000100000000)
  eden space 270336K, 99% used [0x00000000d5580000,0x00000000e5c2eb98,0x00000000e5d80000)
  from space 29184K, 80% used [0x00000000e5d80000,0x00000000e7488ce8,0x00000000e7a00000)
  to   space 31232K, 0% used [0x00000000e9600000,0x00000000e9600000,0x00000000eb480000)
 ParOldGen       total 237568K, used 39733K [0x0000000080000000, 0x000000008e800000, 0x00000000d5580000)
  object space 237568K, 16% used [0x0000000080000000,0x00000000826cd578,0x000000008e800000)
 Metaspace       used 77694K, capacity 82202K, committed 82456K, reserved 1120256K
  class space    used 10216K, capacity 10986K, committed 11056K, reserved 1048576K
GC Heap History (10 events):
Event: 5.642 GC heap before
{Heap before GC invocations=10 (full 2):
 PSYoungGen      total 192512K, used 165118K [0x00000000d5580000, 0x00000000e6500000, 0x0000000100000000)
  eden space 178688K, 84% used [0x00000000d5580000,0x00000000de943258,0x00000000e0400000)
  from space 13824K, 99% used [0x00000000e0400000,0x00000000e117c788,0x00000000e1180000)
  to   space 15872K, 0% used [0x00000000e5580000,0x00000000e5580000,0x00000000e6500000)
 ParOldGen       total 153088K, used 15215K [0x0000000080000000, 0x0000000089580000, 0x00000000d5580000)
  object space 153088K, 9% used [0x0000000080000000,0x0000000080edbd88,0x0000000089580000)
 Metaspace       used 56702K, capacity 59068K, committed 59160K, reserved 1099776K
  class space    used 7767K, capacity 8219K, committed 8240K, reserved 1048576K
Event: 5.658 GC heap after
Heap after GC invocations=10 (full 2):
 PSYoungGen      total 256512K, used 15860K [0x00000000d5580000, 0x00000000e6f80000, 0x0000000100000000)
  eden space 240640K, 0% used [0x00000000d5580000,0x00000000d5580000,0x00000000e4080000)
  from space 15872K, 99% used [0x00000000e5580000,0x00000000e64fd300,0x00000000e6500000)
  to   space 21504K, 0% used [0x00000000e4080000,0x00000000e4080000,0x00000000e5580000)
 ParOldGen       total 153088K, used 24210K [0x0000000080000000, 0x0000000089580000, 0x00000000d5580000)
  object space 153088K, 15% used [0x0000000080000000,0x00000000817a4bc8,0x0000000089580000)
 Metaspace       used 56702K, capacity 59068K, committed 59160K, reserved 1099776K
  class space    used 7767K, capacity 8219K, committed 8240K, reserved 1048576K
}
Event: 5.658 GC heap before
{Heap before GC invocations=11 (full 3):
 PSYoungGen      total 256512K, used 15860K [0x00000000d5580000, 0x00000000e6f80000, 0x0000000100000000)
  eden space 240640K, 0% used [0x00000000d5580000,0x00000000d5580000,0x00000000e4080000)
  from space 15872K, 99% used [0x00000000e5580000,0x00000000e64fd300,0x00000000e6500000)
  to   space 21504K, 0% used [0x00000000e4080000,0x00000000e4080000,0x00000000e5580000)
 ParOldGen       total 153088K, used 24210K [0x0000000080000000, 0x0000000089580000, 0x00000000d5580000)
  object space 153088K, 15% used [0x0000000080000000,0x00000000817a4bc8,0x0000000089580000)
 Metaspace       used 56702K, capacity 59068K, committed 59160K, reserved 1099776K
  class space    used 7767K, capacity 8219K, committed 8240K, reserved 1048576K
Event: 5.818 GC heap after
Heap after GC invocations=11 (full 3):
 PSYoungGen      total 256512K, used 0K [0x00000000d5580000, 0x00000000e6f80000, 0x0000000100000000)
  eden space 240640K, 0% used [0x00000000d5580000,0x00000000d5580000,0x00000000e4080000)
  from space 15872K, 0% used [0x00000000e5580000,0x00000000e5580000,0x00000000e6500000)
  to   space 21504K, 0% used [0x00000000e4080000,0x00000000e4080000,0x00000000e5580000)
 ParOldGen       total 237568K, used 36654K [0x0000000080000000, 0x000000008e800000, 0x00000000d5580000)
  object space 237568K, 15% used [0x0000000080000000,0x00000000823cb900,0x000000008e800000)
 Metaspace       used 56654K, capacity 58906K, committed 59160K, reserved 1099776K
  class space    used 7752K, capacity 8192K, committed 8240K, reserved 1048576K
}
Event: 8.232 GC heap before
{Heap before GC invocations=12 (full 3):
 PSYoungGen      total 256512K, used 240640K [0x00000000d5580000, 0x00000000e6f80000, 0x0000000100000000)
  eden space 240640K, 100% used [0x00000000d5580000,0x00000000e4080000,0x00000000e4080000)
  from space 15872K, 0% used [0x00000000e5580000,0x00000000e5580000,0x00000000e6500000)
  to   space 21504K, 0% used [0x00000000e4080000,0x00000000e4080000,0x00000000e5580000)
 ParOldGen       total 237568K, used 36654K [0x0000000080000000, 0x000000008e800000, 0x00000000d5580000)
  object space 237568K, 15% used [0x0000000080000000,0x00000000823cb900,0x000000008e800000)
 Metaspace       used 67283K, capacity 70698K, committed 70808K, reserved 1110016K
  class space    used 9289K, capacity 9900K, committed 9904K, reserved 1048576K
Event: 8.247 GC heap after
Heap after GC invocations=12 (full 3):
 PSYoungGen      total 262144K, used 21501K [0x00000000d5580000, 0x00000000e9580000, 0x0000000100000000)
  eden space 240640K, 0% used [0x00000000d5580000,0x00000000d5580000,0x00000000e4080000)
  from space 21504K, 99% used [0x00000000e4080000,0x00000000e557f458,0x00000000e5580000)
  to   space 26112K, 0% used [0x00000000e7c00000,0x00000000e7c00000,0x00000000e9580000)
 ParOldGen       total 237568K, used 39717K [0x0000000080000000, 0x000000008e800000, 0x00000000d5580000)
  object space 237568K, 16% used [0x0000000080000000,0x00000000826c9578,0x000000008e800000)
 Metaspace       used 67283K, capacity 70698K, committed 70808K, reserved 1110016K
  class space    used 9289K, capacity 9900K, committed 9904K, reserved 1048576K
}
Event: 13.905 GC heap before
{Heap before GC invocations=13 (full 3):
 PSYoungGen      total 262144K, used 262141K [0x00000000d5580000, 0x00000000e9580000, 0x0000000100000000)
  eden space 240640K, 100% used [0x00000000d5580000,0x00000000e4080000,0x00000000e4080000)
  from space 21504K, 99% used [0x00000000e4080000,0x00000000e557f458,0x00000000e5580000)
  to   space 26112K, 0% used [0x00000000e7c00000,0x00000000e7c00000,0x00000000e9580000)
 ParOldGen       total 237568K, used 39717K [0x0000000080000000, 0x000000008e800000, 0x00000000d5580000)
  object space 237568K, 16% used [0x0000000080000000,0x00000000826c9578,0x000000008e800000)
 Metaspace       used 73243K, capacity 77002K, committed 77336K, reserved 1116160K
  class space    used 9778K, capacity 10440K, committed 10544K, reserved 1048576K
Event: 13.923 GC heap after
Heap after GC invocations=13 (full 3):
 PSYoungGen      total 296448K, used 25749K [0x00000000d5580000, 0x00000000e9680000, 0x0000000100000000)
  eden space 270336K, 0% used [0x00000000d5580000,0x00000000d5580000,0x00000000e5d80000)
  from space 26112K, 98% used [0x00000000e7c00000,0x00000000e9525710,0x00000000e9580000)
  to   space 29184K, 0% used [0x00000000e5d80000,0x00000000e5d80000,0x00000000e7a00000)
 ParOldGen       total 237568K, used 39725K [0x0000000080000000, 0x000000008e800000, 0x00000000d5580000)
  object space 237568K, 16% used [0x0000000080000000,0x00000000826cb578,0x000000008e800000)
 Metaspace       used 73243K, capacity 77002K, committed 77336K, reserved 1116160K
  class space    used 9778K, capacity 10440K, committed 10544K, reserved 1048576K
}
Event: 161.542 GC heap before
{Heap before GC invocations=14 (full 3):
 PSYoungGen      total 296448K, used 296085K [0x00000000d5580000, 0x00000000e9680000, 0x0000000100000000)
  eden space 270336K, 100% used [0x00000000d5580000,0x00000000e5d80000,0x00000000e5d80000)
  from space 26112K, 98% used [0x00000000e7c00000,0x00000000e9525710,0x00000000e9580000)
  to   space 29184K, 0% used [0x00000000e5d80000,0x00000000e5d80000,0x00000000e7a00000)
 ParOldGen       total 237568K, used 39725K [0x0000000080000000, 0x000000008e800000, 0x00000000d5580000)
  object space 237568K, 16% used [0x0000000080000000,0x00000000826cb578,0x000000008e800000)
 Metaspace       used 76743K, capacity 80840K, committed 81048K, reserved 1120256K
  class space    used 10164K, capacity 10893K, committed 10928K, reserved 1048576K
Event: 161.562 GC heap after
Heap after GC invocations=14 (full 3):
 PSYoungGen      total 299520K, used 23587K [0x00000000d5580000, 0x00000000eb480000, 0x0000000100000000)
  eden space 270336K, 0% used [0x00000000d5580000,0x00000000d5580000,0x00000000e5d80000)
  from space 29184K, 80% used [0x00000000e5d80000,0x00000000e7488ce8,0x00000000e7a00000)
  to   space 31232K, 0% used [0x00000000e9600000,0x00000000e9600000,0x00000000eb480000)
 ParOldGen       total 237568K, used 39733K [0x0000000080000000, 0x000000008e800000, 0x00000000d5580000)
  object space 237568K, 16% used [0x0000000080000000,0x00000000826cd578,0x000000008e800000)
 Metaspace       used 76743K, capacity 80840K, committed 81048K, reserved 1120256K
  class space    used 10164K, capacity 10893K, committed 10928K, reserved 1048576K
}

